<?xml version="1.0" encoding="UTF-8"?>
<testng-results skipped="0" failed="0" total="1" passed="1">
  <reporter-output>
  </reporter-output>
  <suite name="Default suite" duration-ms="21325" started-at="2019-11-25T07:05:27Z" finished-at="2019-11-25T07:05:49Z">
    <groups>
    </groups>
    <test name="Default test" duration-ms="21325" started-at="2019-11-25T07:05:27Z" finished-at="2019-11-25T07:05:49Z">
      <class name="mytest.FunctionalTestCases">
        <test-method status="PASS" signature="testSetup(java.lang.String)[pri:0, instance:mytest.FunctionalTestCases@66a3ffec]" name="testSetup" is-config="true" duration-ms="8885" started-at="2019-11-25T12:35:27Z" finished-at="2019-11-25T12:35:36Z">
          <params>
            <param index="0">
              <value>
                <![CDATA[chrome]]>
              </value>
            </param>
          </params>
          <reporter-output>
          </reporter-output>
        </test-method> <!-- testSetup -->
        <test-method status="PASS" signature="TestMethod()[pri:0, instance:mytest.FunctionalTestCases@66a3ffec]" name="TestMethod" duration-ms="12421" started-at="2019-11-25T12:35:36Z" description="Test Case ID : Smoke-001 , Test case to verify login in application" finished-at="2019-11-25T12:35:49Z">
          <reporter-output>
          </reporter-output>
        </test-method> <!-- TestMethod -->
      </class> <!-- mytest.FunctionalTestCases -->
    </test> <!-- Default test -->
  </suite> <!-- Default suite -->
</testng-results>
